  State.cpp
p:\제작\포트폴리오\directx\arreiaadventure\arreiaadventure\arreiaadventure\state.cpp(30): warning C4018: '<': signed 또는 unsigned가 일치하지 않습니다.
p:\제작\포트폴리오\directx\arreiaadventure\arreiaadventure\arreiaadventure\state.cpp(38): warning C4018: '<': signed 또는 unsigned가 일치하지 않습니다.
  Player.cpp
p:\제작\포트폴리오\directx\arreiaadventure\arreiaadventure\arreiaadventure\player.cpp(66): warning C4018: '<': signed 또는 unsigned가 일치하지 않습니다.
  PathfindingldeState.cpp
  PathfindingState.cpp
p:\제작\포트폴리오\directx\arreiaadventure\arreiaadventure\arreiaadventure\pathfindingstate.cpp(113): warning C4244: '인수': 'int'에서 'float'(으)로 변환하면서 데이터가 손실될 수 있습니다.
  PathfindingMoveState.cpp
  PathfindingImmedateState.cpp
  PathfinderPlayer.cpp
  NPC.cpp
p:\제작\포트폴리오\directx\arreiaadventure\arreiaadventure\arreiaadventure\npc.cpp(105): warning C4018: '<': signed 또는 unsigned가 일치하지 않습니다.
  MoveState.cpp
  IdleState.cpp
  DefenseState.cpp
  Character.cpp
p:\제작\포트폴리오\directx\arreiaadventure\arreiaadventure\arreiaadventure\character.cpp(63): warning C4244: '인수': 'float'에서 'int'(으)로 변환하면서 데이터가 손실될 수 있습니다.
p:\제작\포트폴리오\directx\arreiaadventure\arreiaadventure\arreiaadventure\character.cpp(108): warning C4244: '인수': 'float'에서 'int'(으)로 변환하면서 데이터가 손실될 수 있습니다.
  AttackState.cpp
p:\제작\포트폴리오\directx\arreiaadventure\arreiaadventure\arreiaadventure\attackstate.cpp(19): warning C4018: '<': signed 또는 unsigned가 일치하지 않습니다.
  코드를 생성하고 있습니다...
  컴파일하고 있습니다...
  main.cpp
p:\제작\포트폴리오\directx\arreiaadventure\arreiaadventure\arreiaadventure\main.cpp(25): warning C4244: '인수': 'time_t'에서 'unsigned int'(으)로 변환하면서 데이터가 손실될 수 있습니다.
p:\제작\포트폴리오\directx\arreiaadventure\arreiaadventure\arreiaadventure\main.cpp(151): warning C4244: '인수': 'int'에서 'float'(으)로 변환하면서 데이터가 손실될 수 있습니다.
p:\제작\포트폴리오\directx\arreiaadventure\arreiaadventure\arreiaadventure\main.cpp(152): warning C4244: '인수': 'int'에서 'float'(으)로 변환하면서 데이터가 손실될 수 있습니다.
p:\제작\포트폴리오\directx\arreiaadventure\arreiaadventure\arreiaadventure\main.cpp(213): warning C4244: '초기화 중': 'double'에서 'float'(으)로 변환하면서 데이터가 손실될 수 있습니다.
  PathfinderMonster.cpp
  Monster.cpp
p:\제작\포트폴리오\directx\arreiaadventure\arreiaadventure\arreiaadventure\monster.cpp(78): warning C4018: '<': signed 또는 unsigned가 일치하지 않습니다.
  코드를 생성하고 있습니다...
  ArreiaAdventure.vcxproj -> P:\제작\포트폴리오\DirectX\ArreiaAdventure\ArreiaAdventure\Debug\ArreiaAdventure.exe
  ArreiaAdventure.vcxproj -> P:\제작\포트폴리오\DirectX\ArreiaAdventure\ArreiaAdventure\Debug\ArreiaAdventure.pdb (Partial PDB)
